<?xml version="1.0" encoding="UTF-8"?>
<!-- Generated by org.testng.reporters.JUnitReportReporter -->
<testsuite hostname="PRK-PC" name="MavenGitJenkins.MavGitJenkins.TestRun" tests="1" failures="0" timestamp="23 Apr 2017 19:31:27 GMT" time="0.025" errors="0">
  <testcase name="display" time="0.025" classname="MavenGitJenkins.MavGitJenkins.TestRun"/>
</testsuite> <!-- MavenGitJenkins.MavGitJenkins.TestRun -->
